0 info it worked if it ends with ok
1 verbose cli [ '/usr/local/bin/node', '/usr/local/bin/npm', 'run', 'coverage' ]
2 info using npm@3.10.9
3 info using node@v7.2.0
4 verbose run-script [ 'precoverage', 'coverage', 'postcoverage' ]
5 info lifecycle 304webapi@1.0.0~precoverage: 304webapi@1.0.0
6 silly lifecycle 304webapi@1.0.0~precoverage: no script for precoverage, continuing
7 info lifecycle 304webapi@1.0.0~coverage: 304webapi@1.0.0
8 verbose lifecycle 304webapi@1.0.0~coverage: unsafe-perm in lifecycle true
9 verbose lifecycle 304webapi@1.0.0~coverage: PATH: /usr/local/lib/node_modules/npm/bin/node-gyp-bin:/Users/kairamsay/MyApi-304CEM/node_modules/.bin:/Library/Frameworks/Python.framework/Versions/3.4/bin:/usr/local/bin:/usr/bin:/bin:/usr/sbin:/sbin:/Library/Frameworks/Mono.framework/Versions/Current/Commands
10 verbose lifecycle 304webapi@1.0.0~coverage: CWD: /Users/kairamsay/MyApi-304CEM
11 silly lifecycle 304webapi@1.0.0~coverage: Args: [ '-c',
11 silly lifecycle   'istanbul cover -x **Spec/** -x **server.js** -x  jasmine-node spec' ]
12 silly lifecycle 304webapi@1.0.0~coverage: Returned: code: 1  signal: null
13 info lifecycle 304webapi@1.0.0~coverage: Failed to exec coverage script
14 verbose stack Error: 304webapi@1.0.0 coverage: `istanbul cover -x **Spec/** -x **server.js** -x  jasmine-node spec`
14 verbose stack Exit status 1
14 verbose stack     at EventEmitter.<anonymous> (/usr/local/lib/node_modules/npm/lib/utils/lifecycle.js:255:16)
14 verbose stack     at emitTwo (events.js:106:13)
14 verbose stack     at EventEmitter.emit (events.js:191:7)
14 verbose stack     at ChildProcess.<anonymous> (/usr/local/lib/node_modules/npm/lib/utils/spawn.js:40:14)
14 verbose stack     at emitTwo (events.js:106:13)
14 verbose stack     at ChildProcess.emit (events.js:191:7)
14 verbose stack     at maybeClose (internal/child_process.js:885:16)
14 verbose stack     at Process.ChildProcess._handle.onexit (internal/child_process.js:226:5)
15 verbose pkgid 304webapi@1.0.0
16 verbose cwd /Users/kairamsay/MyApi-304CEM
17 error Darwin 15.6.0
18 error argv "/usr/local/bin/node" "/usr/local/bin/npm" "run" "coverage"
19 error node v7.2.0
20 error npm  v3.10.9
21 error code ELIFECYCLE
22 error 304webapi@1.0.0 coverage: `istanbul cover -x **Spec/** -x **server.js** -x  jasmine-node spec`
22 error Exit status 1
23 error Failed at the 304webapi@1.0.0 coverage script 'istanbul cover -x **Spec/** -x **server.js** -x  jasmine-node spec'.
23 error Make sure you have the latest version of node.js and npm installed.
23 error If you do, this is most likely a problem with the 304webapi package,
23 error not with npm itself.
23 error Tell the author that this fails on your system:
23 error     istanbul cover -x **Spec/** -x **server.js** -x  jasmine-node spec
23 error You can get information on how to open an issue for this project with:
23 error     npm bugs 304webapi
23 error Or if that isn't available, you can get their info via:
23 error     npm owner ls 304webapi
23 error There is likely additional logging output above.
24 verbose exit [ 1, true ]
